<?xml version="1.0" encoding="UTF-8"?>
<testng-results skipped="0" failed="0" ignored="0" total="1" passed="1">
  <reporter-output>
  </reporter-output>
  <suite name="Suite" duration-ms="9431" started-at="2017-07-23T18:10:06Z" finished-at="2017-07-23T18:10:16Z">
    <groups>
    </groups>
    <test name="Test" duration-ms="9431" started-at="2017-07-23T18:10:06Z" finished-at="2017-07-23T18:10:16Z">
      <class name="test.demo">
        <test-method status="PASS" signature="f()[pri:0, instance:test.demo@4e04a765]" name="f" duration-ms="9340" started-at="2017-07-23T23:40:06Z" finished-at="2017-07-23T23:40:16Z">
          <reporter-output>
          </reporter-output>
        </test-method> <!-- f -->
      </class> <!-- test.demo -->
    </test> <!-- Test -->
  </suite> <!-- Suite -->
</testng-results>
