<?xml version="1.0" encoding="UTF-8"?>
<testng-results skipped="0" failed="0" total="1" passed="1">
  <reporter-output>
  </reporter-output>
  <suite name="Default suite" duration-ms="22444" started-at="2017-07-23T17:38:14Z" finished-at="2017-07-23T17:38:36Z">
    <groups>
    </groups>
    <test name="Default test" duration-ms="22444" started-at="2017-07-23T17:38:14Z" finished-at="2017-07-23T17:38:36Z">
      <class name="test.demo">
        <test-method status="PASS" signature="f()[pri:0, instance:test.demo@7a0ac6e3]" name="f" duration-ms="22389" started-at="2017-07-23T23:08:14Z" finished-at="2017-07-23T23:08:36Z">
          <reporter-output>
          </reporter-output>
        </test-method> <!-- f -->
      </class> <!-- test.demo -->
    </test> <!-- Default test -->
  </suite> <!-- Default suite -->
</testng-results>
